c:\users\ethan\documents\desktop\voxelrenderer\voxelrenderer\x64\release\vc143.pdb
c:\users\ethan\documents\desktop\voxelrenderer\voxelrenderer\x64\release\shader.obj
c:\users\ethan\documents\desktop\voxelrenderer\voxelrenderer\x64\release\main.obj
c:\users\ethan\documents\desktop\voxelrenderer\voxelrenderer\x64\release\application.obj
c:\users\ethan\documents\desktop\voxelrenderer\voxelrenderer\x64\release\chunk.obj
c:\users\ethan\documents\desktop\voxelrenderer\voxelrenderer\x64\release\world.obj
c:\users\ethan\documents\desktop\voxelrenderer\x64\release\voxelrenderer.exe
c:\users\ethan\documents\desktop\voxelrenderer\x64\release\voxelrenderer.pdb
c:\users\ethan\documents\desktop\voxelrenderer\x64\release\glfw3.dll
c:\users\ethan\documents\desktop\voxelrenderer\voxelrenderer\x64\release\voxelrenderer.ipdb
c:\users\ethan\documents\desktop\voxelrenderer\voxelrenderer\x64\release\voxelrenderer.iobj
c:\users\ethan\documents\desktop\voxelrenderer\voxelrenderer\x64\release\voxelrenderer.tlog\cl.command.1.tlog
c:\users\ethan\documents\desktop\voxelrenderer\voxelrenderer\x64\release\voxelrenderer.tlog\cl.items.tlog
c:\users\ethan\documents\desktop\voxelrenderer\voxelrenderer\x64\release\voxelrenderer.tlog\cl.read.1.tlog
c:\users\ethan\documents\desktop\voxelrenderer\voxelrenderer\x64\release\voxelrenderer.tlog\cl.write.1.tlog
c:\users\ethan\documents\desktop\voxelrenderer\voxelrenderer\x64\release\voxelrenderer.tlog\link.command.1.tlog
c:\users\ethan\documents\desktop\voxelrenderer\voxelrenderer\x64\release\voxelrenderer.tlog\link.read.1.tlog
c:\users\ethan\documents\desktop\voxelrenderer\voxelrenderer\x64\release\voxelrenderer.tlog\link.secondary.1.tlog
c:\users\ethan\documents\desktop\voxelrenderer\voxelrenderer\x64\release\voxelrenderer.tlog\link.write.1.tlog
c:\users\ethan\documents\desktop\voxelrenderer\voxelrenderer\x64\release\voxelrenderer.tlog\voxelrenderer.write.1u.tlog
